Arguments: 
  /usr/local/bin/node /usr/local/bin/yarn start

PATH: 
  /usr/local/bin:/usr/bin:/bin:/usr/sbin:/sbin

Yarn version: 
  1.12.3

Node version: 
  8.12.0

Platform: 
  darwin x64

Trace: 
  SyntaxError: /Users/ericapiano/Desktop/wedding-website/package.json: Unexpected token < in JSON at position 795
      at JSON.parse (<anonymous>)
      at /usr/local/lib/node_modules/yarn/lib/cli.js:1631:59
      at Generator.next (<anonymous>)
      at step (/usr/local/lib/node_modules/yarn/lib/cli.js:304:30)
      at /usr/local/lib/node_modules/yarn/lib/cli.js:315:13
      at <anonymous>

npm manifest: 
  {
    "name": "wedding-website",
    "version": "1.0.0",
    "main": "server.js",
    "scripts": {
      "start": "if-env NODE_ENV=production && npm run start:prod || npm run start:dev",
      "start:prod": "node server.js",
      "start:dev": "concurrently \"nodemon --ignore 'client/*'\" \"npm run client\" && \"npm run server.js\"",
      "client": "cd client && npm run start",
      "server": "node server.js",
      "seed": "node scripts/seedDB.js",
      "install": "cd client && npm install",
      "build": "cd client && npm run build",
      "heroku-postbuild": "npm run build"
    },
    "repository": "git+ssh://git@github.com/ericapiano/wedding-website.git",
    "license": "\\",
    "dependencies": {
      "axios": "^0.18.0",
      "body-parser": "^1.18.3",
      "express": "^4.16.4",
      "express-session": "^1.15.6",
  <<<<<<< HEAD
      "leaflet": "^1.4.0",
      "moment": "^2.24.0",
  =======
      "if-env": "^1.0.4",
  >>>>>>> e80faa920c6003a17b651c86c1a56041a2b2d06f
      "mongoose": "^5.4.2",
      "morgan": "^1.9.1",
      "passport": "^0.4.0",
  <<<<<<< HEAD
      "react-moment": "^0.8.4",
  =======
      "passport-local": "^1.0.0",
      "passport-local-mongoose": "^5.0.1",
      "leaflet": "^1.4.0",
  >>>>>>> e80faa920c6003a17b651c86c1a56041a2b2d06f
      "styled-components": "^4.1.3"
    },
    "description": "",
    "bugs": {
      "url": "https://github.com/ericapiano/wedding-website/issues"
    },
    "homepage": "https://github.com/ericapiano/wedding-website#readme",
    "keywords": [],
    "author": "Dhanashree <dvphalak@gmail.com>"
  }

yarn manifest: 
  No manifest

Lockfile: 
  No lockfile
